<?xml version="1.0" encoding="UTF-8"?>
<!-- Generated by org.testng.reporters.JUnitReportReporter -->
<testsuite skipped="0" hostname="CHANDRESH" name="Automation.Practice.TestSuits" tests="1" failures="0" timestamp="2020-10-23T16:45:54 BST" time="19.891" errors="0">
  <testcase name="registerSuccessfully" time="19.891" classname="Automation.Practice.TestSuits"/>
  <system-out/>
</testsuite> <!-- Automation.Practice.TestSuits -->
