<?xml version="1.0" encoding="UTF-8"?>
<!-- Generated by org.testng.reporters.JUnitReportReporter -->
<testsuite skipped="0" hostname="CHANDRESH" name="Automation.Practice.TestSuits" tests="4" failures="0" timestamp="2020-10-26T15:58:15 GMT" time="84.421" errors="0">
  <testcase name="loginSuccessfully" time="27.715" classname="Automation.Practice.TestSuits"/>
  <system-out/>
  <testcase name="registerSuccessfully" time="23.573" classname="Automation.Practice.TestSuits"/>
  <system-out/>
  <testcase name="addToCartProduct" time="15.603" classname="Automation.Practice.TestSuits"/>
  <system-out/>
  <testcase name="registerUnSuccessfully" time="17.530" classname="Automation.Practice.TestSuits"/>
  <system-out/>
</testsuite> <!-- Automation.Practice.TestSuits -->
